[INFO] 23:07:17:810 discordiador/(4220:4220): INICIAR_PATOTA 5 /home/utnso/tp-2021-1c-DuroDeAprobar/Tareas/tareasPatota1.txt 1|1 2|1
[INFO] 23:30:42:107 discordiador/(4816:4816): INICIAR_PATOTA 5 /home/utnso/tp-2021-1c-DuroDeAprobar/Tareas/tareasPatota1.txt 1|1 2|1
[INFO] 23:33:51:415 discordiador/(5005:5005): INICIAR_PATOTA 5 /home/utnso/tp-2021-1c-DuroDeAprobar/Tareas/tareasPatota1.txt 1|1 2|1
[INFO] 23:34:49:193 discordiador/(5051:5051): INICIAR_PATOTA 5 /home/utnso/tp-2021-1c-DuroDeAprobar/Tareas/tareasPatota1.txt 1|1 2|1
[INFO] 23:35:29:51 discordiador/(5098:5098): INICIAR_PATOTA 5 /home/utnso/tp-2021-1c-DuroDeAprobar/Tareas/tareasPatota1.txt 1|1 2|1
[INFO] 23:36:47:66 discordiador/(5149:5149): INICIAR_PATOTA 5 /home/utnso/tp-2021-1c-DuroDeAprobar/Tareas/tareasPatota1.txt 1|1 2|1
[INFO] 23:41:00:917 discordiador/(5295:5295): INICIAR_PATOTA 5 /home/utnso/tp-2021-1c-DuroDeAprobar/Tareas/tareasPatota1.txt 1|1 2|1
[INFO] 23:41:52:661 discordiador/(5347:5347): INICIAR_PATOTA 5 /home/utnso/tp-2021-1c-DuroDeAprobar/Tareas/tareasPatota1.txt 1|1 2|1
[INFO] 23:47:08:738 discordiador/(5571:5571): INICIAR_PATOTA 5 /home/utnso/tp-2021-1c-DuroDeAprobar/Tareas/tareasPatota1.txt 1|1 2|1
[INFO] 23:49:00:678 discordiador/(5699:5699): INICIAR_PATOTA 5 /home/utnso/tp-2021-1c-DuroDeAprobar/Tareas/tareasPatota1.txt 1|1 2|1
[INFO] 23:55:47:716 discordiador/(5850:5850): INICIAR_PATOTA 5 /home/utnso/tp-2021-1c-DuroDeAprobar/Tareas/tareasPatota1.txt 1|1 2|1
[INFO] 23:56:48:757 discordiador/(5896:5896): INICIAR_PATOTA 5 /home/utnso/tp-2021-1c-DuroDeAprobar/Tareas/tareasPatota1.txt 1|1 2|1
[INFO] 23:57:32:919 discordiador/(5933:5933): for(int i = 0; i< list_size(posicionesTripulantes);i++){
[INFO] 23:57:32:920 discordiador/(5933:5933): char* posiciones = list_get(posicionesTripulantes, i);
[INFO] 23:57:32:920 discordiador/(5933:5933): puts(posiciones);
[INFO] 23:57:45:747 discordiador/(5947:5947): for(int i = 0; i< list_size(posicionesTripulantes);i++){
[INFO] 23:57:45:748 discordiador/(5947:5947): char* posiciones = list_get(posicionesTripulantes, i);
[INFO] 23:57:45:748 discordiador/(5947:5947): puts(posiciones);
[INFO] 23:58:03:876 discordiador/(5968:5968): INICIAR_PATOTA 5 /home/utnso/tp-2021-1c-DuroDeAprobar/Tareas/tareasPatota1.txt 1|1 2|1
[INFO] 00:00:46:852 discordiador/(6076:6076): INICIAR_PATOTA 5 /home/utnso/tp-2021-1c-DuroDeAprobar/Tareas/tareasPatota1.txt 1|1 2|1
[INFO] 00:02:17:429 discordiador/(6123:6123): INICIAR_PATOTA 5 /home/utnso/tp-2021-1c-DuroDeAprobar/Tareas/tareasPatota1.txt 1|1 2|1
[INFO] 00:03:56:17 discordiador/(6296:6296): INICIAR_PATOTA 5 /home/utnso/tp-2021-1c-DuroDeAprobar/Tareas/tareasPatota1.txt 1|1 2|1
[INFO] 00:05:30:756 discordiador/(6357:6357): INICIAR_PATOTA 5 /home/utnso/tp-2021-1c-DuroDeAprobar/Tareas/tareasPatota1.txt 1|1 2|1
[INFO] 00:21:10:568 discordiador/(6765:6765): INICIAR_PATOTA 5 /home/utnso/tp-2021-1c-DuroDeAprobar/Tareas/tareasPatota1.txt 1|1 2|1
[INFO] 00:21:10:591 discordiador/(6765:6765): 1|1
[INFO] 00:21:10:591 discordiador/(6765:6765): 2|1
[INFO] 00:21:10:591 discordiador/(6765:6765): 0|0
[INFO] 00:21:10:591 discordiador/(6765:6765): 0|0
[INFO] 00:21:10:591 discordiador/(6765:6765): 0|0
[INFO] 00:21:49:426 discordiador/(6791:6791): INICIAR_PATOTA 5 /home/utnso/tp-2021-1c-DuroDeAprobar/Tareas/tareasPatota1.txt 1|1 2|1
[INFO] 00:22:01:90 discordiador/(6791:6791): 1|1
[INFO] 00:22:02:322 discordiador/(6791:6791): 2|1
[INFO] 00:22:03:141 discordiador/(6791:6791): 0|0
[INFO] 00:22:03:881 discordiador/(6791:6791): 0|0
[INFO] 00:22:04:669 discordiador/(6791:6791): 0|0
[INFO] 00:29:10:165 discordiador/(7079:7079): INICIAR_PATOTA 5 /home/utnso/tp-2021-1c-DuroDeAprobar/Tareas/tareasPatota1.txt 1|1 2|1
[INFO] 00:29:10:184 discordiador/(7079:7079): 1|1
[INFO] 00:29:10:184 discordiador/(7079:7079): 2|1
[INFO] 00:29:10:184 discordiador/(7079:7079): 0|0
[INFO] 00:29:10:184 discordiador/(7079:7079): 0|0
[INFO] 00:29:10:184 discordiador/(7079:7079): 0|0
[INFO] 00:30:29:54 discordiador/(7156:7156): INICIAR_PATOTA 5 /home/utnso/tp-2021-1c-DuroDeAprobar/Tareas/tareasPatota1.txt 1|1 2|1
[INFO] 00:30:29:65 discordiador/(7156:7156): 1|1
[INFO] 00:30:29:65 discordiador/(7156:7156): 2|1
[INFO] 00:30:29:65 discordiador/(7156:7156): 0|0
[INFO] 00:30:29:65 discordiador/(7156:7156): 0|0
[INFO] 00:30:29:65 discordiador/(7156:7156): 0|0
[INFO] 00:33:28:345 discordiador/(7277:7277): INICIAR_PATOTA 5 /home/utnso/tp-2021-1c-DuroDeAprobar/Tareas/tareasPatota1.txt 1|1 2|1
[INFO] 00:33:28:370 discordiador/(7277:7277): 1|1
[INFO] 00:33:28:370 discordiador/(7277:7277): 2|1
[INFO] 00:33:28:370 discordiador/(7277:7277): 0|0
[INFO] 00:33:28:370 discordiador/(7277:7277): 0|0
[INFO] 00:33:28:370 discordiador/(7277:7277): 0|0
[INFO] 00:33:28:370 discordiador/(7277:7277): 
[INFO] 00:33:28:370 discordiador/(7277:7277): 
[INFO] 00:33:28:370 discordiador/(7277:7277): 
[INFO] 00:33:28:370 discordiador/(7277:7277): 
[INFO] 00:33:28:370 discordiador/(7277:7277): 
[INFO] 00:37:22:91 discordiador/(7396:7396): INICIAR_PATOTA 5 /home/utnso/tp-2021-1c-DuroDeAprobar/Tareas/tareasPatota1.txt 1|1 2|1
[INFO] 00:37:22:91 discordiador/(7396:7396): 1|1
[INFO] 00:37:22:91 discordiador/(7396:7396): 2|1
[INFO] 00:37:22:92 discordiador/(7396:7396): 0|0
[INFO] 00:37:22:92 discordiador/(7396:7396): 0|0
[INFO] 00:37:22:92 discordiador/(7396:7396): 0|0
[INFO] 00:38:36:715 discordiador/(7454:7454): INICIAR_PATOTA 5 /home/utnso/tp-2021-1c-DuroDeAprobar/Tareas/tareasPatota1.txt 1|1 2|1
[INFO] 00:38:36:715 discordiador/(7454:7454): 1|1
[INFO] 00:38:36:715 discordiador/(7454:7454): 2|1
[INFO] 00:38:36:715 discordiador/(7454:7454): 0|0
[INFO] 00:38:36:715 discordiador/(7454:7454): 0|0
[INFO] 00:38:36:715 discordiador/(7454:7454): 0|0
[INFO] 00:39:20:933 discordiador/(7485:7485): INICIAR_PATOTA 5 /home/utnso/tp-2021-1c-DuroDeAprobar/Tareas/tareasPatota1.txt 1|1 2|1
[INFO] 00:39:31:53 discordiador/(7485:7485): 1|1
[INFO] 00:39:31:905 discordiador/(7485:7485): 2|1
[INFO] 00:39:32:816 discordiador/(7485:7485): 0|0
[INFO] 00:39:33:772 discordiador/(7485:7485): 0|0
[INFO] 00:39:34:828 discordiador/(7485:7485): 0|0
[INFO] 00:52:13:487 discordiador/(7796:7796): INICIAR_PATOTA 5 /home/utnso/tp-2021-1c-DuroDeAprobar/Tareas/tareasPatota1.txt 1|1 2|1
[INFO] 00:52:13:487 discordiador/(7796:7796): 1|1
[INFO] 00:52:13:487 discordiador/(7796:7796): 2|1
[INFO] 00:52:13:487 discordiador/(7796:7796): 0|0
[INFO] 00:52:13:487 discordiador/(7796:7796): 0|0
[INFO] 00:52:13:487 discordiador/(7796:7796): 0|0
[INFO] 00:52:13:487 discordiador/(7796:7796): 
[INFO] 00:52:13:487 discordiador/(7796:7796): 
[INFO] 00:52:13:487 discordiador/(7796:7796): 
[INFO] 00:52:13:487 discordiador/(7796:7796): 
[INFO] 00:52:13:487 discordiador/(7796:7796): 
[INFO] 00:55:32:886 discordiador/(7922:7922): INICIAR_PATOTA 5 /home/utnso/tp-2021-1c-DuroDeAprobar/Tareas/tareasPatota1.txt 1|1 2|1
[INFO] 00:55:32:911 discordiador/(7922:7922): 1|1
[INFO] 00:55:32:911 discordiador/(7922:7922): 2|1
[INFO] 00:55:32:911 discordiador/(7922:7922): 0|0
[INFO] 00:55:32:911 discordiador/(7922:7922): 0|0
[INFO] 00:55:32:911 discordiador/(7922:7922): 0|0
[INFO] 00:57:45:277 discordiador/(7992:7992): INICIAR_PATOTA 5 /home/utnso/tp-2021-1c-DuroDeAprobar/Tareas/tareasPatota1.txt 1|1 2|1
[INFO] 00:57:45:278 discordiador/(7992:7992): 1|1
[INFO] 00:57:45:278 discordiador/(7992:7992): 2|1
[INFO] 00:57:45:278 discordiador/(7992:7992): 0|0
[INFO] 00:57:45:278 discordiador/(7992:7992): 0|0
[INFO] 00:57:45:278 discordiador/(7992:7992): 0|0
[INFO] 00:58:31:388 discordiador/(8028:8028): INICIAR_PATOTA 5 /home/utnso/tp-2021-1c-DuroDeAprobar/Tareas/tareasPatota1.txt 1|1 2|1
[INFO] 01:00:29:374 discordiador/(8028:8028): 1|1
[INFO] 01:00:30:595 discordiador/(8028:8028): 2|1
[INFO] 01:00:31:554 discordiador/(8028:8028): 0|0
[INFO] 01:00:32:684 discordiador/(8028:8028): 0|0
[INFO] 01:00:33:852 discordiador/(8028:8028): 0|0
[INFO] 01:05:04:982 discordiador/(8266:8266): INICIAR_PATOTA 5 /home/utnso/tp-2021-1c-DuroDeAprobar/Tareas/tareasPatota1.txt 1|1 2|1
[INFO] 01:05:05:7 discordiador/(8266:8266): 1|1
[INFO] 01:05:05:7 discordiador/(8266:8266): 2|1
[INFO] 01:05:05:7 discordiador/(8266:8266): 0|0
[INFO] 01:05:05:7 discordiador/(8266:8266): 0|0
[INFO] 01:05:05:7 discordiador/(8266:8266): 0|0
[INFO] 01:30:03:222 discordiador/(3759:3759): INICIAR_PATOTA 5 /home/utnso/tp-2021-1c-DuroDeAprobar/Tareas/tareasPatota1.txt 1|1 2|1
[INFO] 01:30:03:233 discordiador/(3759:3759): 1|1
[INFO] 01:30:03:234 discordiador/(3759:3759): 2|1
[INFO] 01:30:03:234 discordiador/(3759:3759): 0|0
[INFO] 01:30:03:234 discordiador/(3759:3759): 0|0
[INFO] 01:30:03:234 discordiador/(3759:3759): 0|0
[INFO] 01:30:38:396 discordiador/(3804:3804): INICIAR_PATOTA 5 /home/utnso/tp-2021-1c-DuroDeAprobar/Tareas/tareasPatota1.txt 1|1 2|1
[INFO] 01:30:38:396 discordiador/(3804:3804): 1|1
[INFO] 01:30:38:396 discordiador/(3804:3804): 2|1
[INFO] 01:30:38:396 discordiador/(3804:3804): 0|0
[INFO] 01:30:38:396 discordiador/(3804:3804): 0|0
[INFO] 01:30:38:396 discordiador/(3804:3804): 0|0
[INFO] 01:30:38:396 discordiador/(3804:3804): 
[INFO] 01:30:38:396 discordiador/(3804:3804): 
[INFO] 01:30:38:396 discordiador/(3804:3804): 
[INFO] 01:30:38:396 discordiador/(3804:3804): 
[INFO] 01:30:38:396 discordiador/(3804:3804): 
[INFO] 01:38:37:452 discordiador/(4178:4178): INICIAR_PATOTA 5 /home/utnso/tp-2021-1c-DuroDeAprobar/Tareas/tareasPatota1.txt 1|1 2|1
[INFO] 01:38:37:463 discordiador/(4178:4178): 1|1
[INFO] 01:38:37:464 discordiador/(4178:4178): 2|1
[INFO] 01:38:37:464 discordiador/(4178:4178): 0|0
[INFO] 01:38:37:464 discordiador/(4178:4178): 0|0
[INFO] 01:38:37:464 discordiador/(4178:4178): 0|0
[INFO] 14:36:32:584 discordiador/(5538:5538): INICIAR_PATOTA 2 /home/utnso/tp-2021-1c-DuroDeAprobar/Tareas/tareasPatota1.txt 1|1 2|1
[INFO] 14:36:32:584 discordiador/(5538:5538): 1|1
[INFO] 14:36:32:584 discordiador/(5538:5538): 2|1
[INFO] 21:23:06:749 discordiador/(3738:3738): INICIAR_PATOTA 5 /home/utnso/tp-2021-1c-DuroDeAprobar/Tareas/tareasPatota1.txt 1|1 2|1
[INFO] 21:23:06:753 discordiador/(3738:3738): 1|1
[INFO] 21:23:06:754 discordiador/(3738:3738): 2|1
[INFO] 21:23:06:754 discordiador/(3738:3738): 0|0
[INFO] 21:23:06:754 discordiador/(3738:3738): 0|0
[INFO] 21:23:06:754 discordiador/(3738:3738): 0|0
[INFO] 21:23:35:471 discordiador/(3762:3762): INICIAR_PATOTA 5 /home/utnso/tp-2021-1c-DuroDeAprobar/Tareas/tareasPatota1.txt 1|1 2|1
[INFO] 21:23:35:471 discordiador/(3762:3762): 1|1
[INFO] 21:23:35:471 discordiador/(3762:3762): 2|1
[INFO] 21:23:35:471 discordiador/(3762:3762): 0|0
[INFO] 21:23:35:471 discordiador/(3762:3762): 0|0
[INFO] 21:23:35:471 discordiador/(3762:3762): 0|0
[INFO] 21:23:44:767 discordiador/(3762:3762): LISTAR_TRIPULANTES
[INFO] 21:24:16:24 discordiador/(3762:3762): INICIAR_PATOTA 2 /home/utnso/tp-2021-1c-DuroDeAprobar/Tareas/tareasPatota1.txt 5|5 3|4
[INFO] 21:24:16:24 discordiador/(3762:3762): 1|1
[INFO] 21:24:16:24 discordiador/(3762:3762): 2|1
[INFO] 21:24:16:24 discordiador/(3762:3762): 0|0
[INFO] 21:24:16:25 discordiador/(3762:3762): 0|0
[INFO] 21:24:16:25 discordiador/(3762:3762): 0|0
[INFO] 21:24:16:25 discordiador/(3762:3762): 5|5
[INFO] 21:24:16:25 discordiador/(3762:3762): 3|4
[INFO] 21:24:30:337 discordiador/(3762:3762): LISTAR_TRIPULANTES
[INFO] 21:35:54:798 discordiador/(4129:4129): INICIAR_PATOTA 5 /home/utnso/tp-2021-1c-DuroDeAprobar/Tareas/tareasPatota1.txt 1|1 2|1
[INFO] 21:35:54:799 discordiador/(4129:4129): 1|1
[INFO] 21:35:54:799 discordiador/(4129:4129): 2|1
[INFO] 21:35:54:799 discordiador/(4129:4129): 0|0
[INFO] 21:35:54:799 discordiador/(4129:4129): 0|0
[INFO] 21:35:54:799 discordiador/(4129:4129): 0|0
[INFO] 21:36:14:244 discordiador/(4129:4129): LISTAR_TRIPULANTES
[INFO] 21:36:37:593 discordiador/(4129:4129): INICIAR_PATOTA 2 /home/utnso/tp-2021-1c-DuroDeAprobar/Tareas/tareasPatota1.txt 5|5 3|4
[INFO] 21:36:37:593 discordiador/(4129:4129): 1|1
[INFO] 21:36:37:593 discordiador/(4129:4129): 2|1
[INFO] 21:36:37:593 discordiador/(4129:4129): 0|0
[INFO] 21:36:37:593 discordiador/(4129:4129): 0|0
[INFO] 21:36:37:593 discordiador/(4129:4129): 0|0
[INFO] 21:36:37:593 discordiador/(4129:4129): 5|5
[INFO] 21:36:37:593 discordiador/(4129:4129): 3|4
[INFO] 21:36:57:148 discordiador/(4129:4129): LISTAR_TRIPULANTES
[INFO] 22:13:55:27 discordiador/(5762:5762): INICIAR_PATOTA 5 /home/utnso/tp-2021-1c-DuroDeAprobar/Tareas/tareasPatota1.txt 1|1 2|1
[INFO] 22:13:55:28 discordiador/(5762:5762): 1|1
[INFO] 22:13:55:28 discordiador/(5762:5762): 2|1
[INFO] 22:13:55:28 discordiador/(5762:5762): 0|0
[INFO] 22:13:55:28 discordiador/(5762:5762): 0|0
[INFO] 22:13:55:28 discordiador/(5762:5762): 0|0
[INFO] 22:14:02:157 discordiador/(5762:5762): LISTAR_TRIPULANTES
[INFO] 22:14:13:149 discordiador/(5762:5762): INICIAR_PATOTA 2 /home/utnso/tp-2021-1c-DuroDeAprobar/Tareas/tareasPatota1.txt 3|3 2|1
[INFO] 22:14:13:149 discordiador/(5762:5762): 3|3
[INFO] 22:14:13:149 discordiador/(5762:5762): 2|1
[INFO] 22:14:22:628 discordiador/(5762:5762): LISTAR_TRIPULANTES
[INFO] 22:22:15:568 discordiador/(6063:6063): INICIAR_PATOTA 5 /home/utnso/tp-2021-1c-DuroDeAprobar/Tareas/tareasPatota1.txt 1|1 2|1
[INFO] 22:22:15:568 discordiador/(6063:6063): 1|1
[INFO] 22:22:15:568 discordiador/(6063:6063): 2|1
[INFO] 22:22:15:568 discordiador/(6063:6063): 0|0
[INFO] 22:22:15:568 discordiador/(6063:6063): 0|0
[INFO] 22:22:15:568 discordiador/(6063:6063): 0|0
[INFO] 22:22:27:606 discordiador/(6063:6063): LISTAR_TRIPULANTES
[INFO] 22:22:42:572 discordiador/(6063:6063): INICIAR_PATOTA 1 /home/utnso/tp-2021-1c-DuroDeAprobar/Tareas/tareasPatota1.txt 4|4
[INFO] 22:22:42:572 discordiador/(6063:6063): 4|4
[INFO] 22:22:53:983 discordiador/(6063:6063): LISTAR_TRIPULANTES
[INFO] 22:23:16:146 discordiador/(6063:6063): INICIAR_PATOTA 2 /home/utnso/tp-2021-1c-DuroDeAprobar/Tareas/tareasPatota1.txt 3|3 2|1
[INFO] 22:23:16:146 discordiador/(6063:6063): 3|3
[INFO] 22:23:16:146 discordiador/(6063:6063): 2|1
[INFO] 22:23:24:52 discordiador/(6063:6063): LISTAR_TRIPULANTES
[INFO] 23:35:46:222 discordiador/(8492:8492): INICIAR_PATOTA 5 /home/utnso/tp-2021-1c-DuroDeAprobar/Tareas/tareasPatota1.txt 1|1 2|1
[INFO] 23:35:46:227 discordiador/(8492:8492): 1|1
[INFO] 23:35:46:227 discordiador/(8492:8492): 2|1
[INFO] 23:35:46:227 discordiador/(8492:8492): 0|0
[INFO] 23:35:46:227 discordiador/(8492:8492): 0|0
[INFO] 23:35:46:227 discordiador/(8492:8492): 0|0
[INFO] 23:35:57:71 discordiador/(8492:8492): LISTAR_TRIPULANTES
[INFO] 23:36:15:802 discordiador/(8492:8492): EXPULSAR_TRIPULANTE 5
[INFO] 23:36:33:282 discordiador/(8492:8492): LISTAR_TRIPULANTES
[INFO] 23:36:46:25 discordiador/(8492:8492): EXPULSAR_TRIPULANTES 4
[INFO] 23:36:51:615 discordiador/(8492:8492): LISTAR_TRIPULANTES
[INFO] 23:37:04:603 discordiador/(8492:8492): EXPULSAR_TRIPULANTES 4
[INFO] 23:37:08:114 discordiador/(8492:8492): LISTAR_TRIPULANTES
[INFO] 23:37:33:77 discordiador/(8492:8492): EXPULSAR_TRIPULANTE 4
[INFO] 23:37:38:753 discordiador/(8492:8492): LISTAR_TRIPULANTE
[INFO] 23:38:11:350 discordiador/(8492:8492): LISTAR_TRIPULANTES
[INFO] 23:38:19:550 discordiador/(8492:8492): EXPULSAR_TRIPULANTE 2
[INFO] 23:38:23:212 discordiador/(8492:8492): LISTAR_TRIPULANTES
[INFO] 23:41:44:624 discordiador/(8628:8628): 1|1
[INFO] 23:41:44:625 discordiador/(8628:8628): 2|1
[INFO] 23:41:44:625 discordiador/(8628:8628): 0|0
[INFO] 23:41:44:625 discordiador/(8628:8628): 0|0
[INFO] 23:41:44:625 discordiador/(8628:8628): 0|0
[INFO] 23:27:09:851 discordiador/(5772:5772): INICIAR_PATOTA 5 /home/utnso/tp-2021-1c-DuroDeAprobar/Tareas/tareasPatota1.txt 1|1 2|1
[INFO] 23:27:09:852 discordiador/(5772:5772): 1|1
[INFO] 23:27:09:852 discordiador/(5772:5772): 2|1
[INFO] 23:27:09:852 discordiador/(5772:5772): 0|0
[INFO] 23:27:09:852 discordiador/(5772:5772): 0|0
[INFO] 23:27:09:852 discordiador/(5772:5772): 0|0
[INFO] 23:27:23:539 discordiador/(5772:5772): LISTAR_TRIPULANTES
[INFO] 17:29:23:163 discordiador/(14102:14102): INICIAR_PATOTA 2 /home/utnso/tp-2021-1c-DuroDeAprobar/Tareas/tareasPatota1.txt 1|1
[INFO] 17:29:23:165 discordiador/(14102:14102): 1|1
[INFO] 17:29:23:165 discordiador/(14102:14102): 0|0
[INFO] 17:29:23:165 discordiador/(14102:14116): cambio De Estado A Ready:1

[INFO] 17:29:23:165 discordiador/(14102:14116): el tripulante se queda esperando a ser asignado 1
[INFO] 17:29:23:171 discordiador/(14102:14118): cambio De Estado A Ready:2

[INFO] 17:29:23:172 discordiador/(14102:14118): el tripulante se queda esperando a ser asignado 2
[INFO] 17:29:30:350 discordiador/(14102:14102): INICIAR_PLANIFICACION
[INFO] 17:29:30:351 discordiador/(14102:14107): cambio De Estado A Exec:1

[INFO] 17:29:30:351 discordiador/(14102:14107): El tripulante con ID 1 cambió a la cola EXEC porque fue seleccionado para ejecutar
[INFO] 17:29:30:351 discordiador/(14102:14107): cambio De Estado A Exec:2

[INFO] 17:29:30:351 discordiador/(14102:14107): El tripulante con ID 2 cambió a la cola EXEC porque fue seleccionado para ejecutar
[INFO] 17:29:30:351 discordiador/(14102:14116): fue seleccionado para ejecutar el tripulante 1
[INFO] 17:29:30:351 discordiador/(14102:14116): se esta moviendo a la tarea la tarea el tripulante 1
[INFO] 17:29:30:351 discordiador/(14102:14118): fue seleccionado para ejecutar el tripulante 2
[INFO] 17:29:30:351 discordiador/(14102:14118): se esta moviendo a la tarea la tarea el tripulante 2
[INFO] 17:29:31:351 discordiador/(14102:14118): El tripulante con ID 2 se movió a la posición [1,0]
[INFO] 17:29:31:352 discordiador/(14102:14116): El tripulante con ID 1 se movió a la posición [2,1]
[INFO] 17:29:32:352 discordiador/(14102:14118): El tripulante con ID 2 se movió a la posición [2,0]
[INFO] 17:29:32:352 discordiador/(14102:14116): El tripulante con ID 1 se movió a la posición [2,2]
[INFO] 17:29:32:352 discordiador/(14102:14116): llego a la tarea el tripulante 1
[INFO] 17:29:32:352 discordiador/(14102:14116): el tripulante 1 esta realizando una tarea de CPU 
[INFO] 17:29:33:352 discordiador/(14102:14116): se hizo 1 de CPU de un total de 5 del tripulante ID:1 
[INFO] 17:29:33:352 discordiador/(14102:14118): El tripulante con ID 2 se movió a la posición [2,1]
[INFO] 17:29:34:353 discordiador/(14102:14116): se hizo 2 de CPU de un total de 5 del tripulante ID:1 
[INFO] 17:29:34:353 discordiador/(14102:14118): El tripulante con ID 2 se movió a la posición [2,2]
[INFO] 17:29:34:353 discordiador/(14102:14118): llego a la tarea el tripulante 2
[INFO] 17:29:34:353 discordiador/(14102:14118): el tripulante 2 esta realizando una tarea de CPU 
[INFO] 17:29:35:354 discordiador/(14102:14118): se hizo 1 de CPU de un total de 5 del tripulante ID:2 
[INFO] 17:29:35:357 discordiador/(14102:14116): se hizo 3 de CPU de un total de 5 del tripulante ID:1 
[INFO] 17:29:36:354 discordiador/(14102:14118): se hizo 2 de CPU de un total de 5 del tripulante ID:2 
[INFO] 17:29:36:357 discordiador/(14102:14116): se hizo 4 de CPU de un total de 5 del tripulante ID:1 
[INFO] 17:29:37:355 discordiador/(14102:14118): se hizo 3 de CPU de un total de 5 del tripulante ID:2 
[INFO] 17:29:37:357 discordiador/(14102:14116): se hizo 5 de CPU de un total de 5 del tripulante ID:1 
[INFO] 17:29:37:357 discordiador/(14102:14116): finalizo la ejecucion de la tarea el tripulante 1
[INFO] 17:29:37:357 discordiador/(14102:14116): acaba de solicitar otra tarea el tripulante 1
[INFO] 17:29:37:357 discordiador/(14102:14116): se le asigno otra tarea al tripulante1
[INFO] 17:29:38:355 discordiador/(14102:14118): se hizo 4 de CPU de un total de 5 del tripulante ID:2 
[INFO] 17:29:39:356 discordiador/(14102:14118): se hizo 5 de CPU de un total de 5 del tripulante ID:2 
[INFO] 17:29:39:356 discordiador/(14102:14118): finalizo la ejecucion de la tarea el tripulante 2
[INFO] 17:29:39:356 discordiador/(14102:14118): acaba de solicitar otra tarea el tripulante 2
[INFO] 17:29:39:356 discordiador/(14102:14118): se le asigno otra tarea al tripulante2
[INFO] 17:33:36:111 discordiador/(14232:14232): INICIAR_PATOTA 2 /home/utnso/tp-2021-1c-DuroDeAprobar/Tareas/tareasPatota1.txt 1|1
[INFO] 17:33:36:111 discordiador/(14232:14232): 1|1
[INFO] 17:33:36:111 discordiador/(14232:14232): 0|0
[INFO] 17:33:36:112 discordiador/(14232:14239): cambio De Estado A Ready:1

[INFO] 17:33:36:112 discordiador/(14232:14239): el tripulante se queda esperando a ser asignado 1
[INFO] 17:33:36:114 discordiador/(14232:14241): cambio De Estado A Ready:2

[INFO] 17:33:36:114 discordiador/(14232:14241): el tripulante se queda esperando a ser asignado 2
[INFO] 17:34:15:179 discordiador/(14232:14232): INICIAR_PLANIFICACION
[INFO] 17:34:15:180 discordiador/(14232:14237): cambio De Estado A Exec:1

[INFO] 17:34:15:180 discordiador/(14232:14237): El tripulante con ID 1 cambió a la cola EXEC porque fue seleccionado para ejecutar
[INFO] 17:34:15:180 discordiador/(14232:14239): fue seleccionado para ejecutar el tripulante 1
[INFO] 17:34:15:180 discordiador/(14232:14239): se esta moviendo a la tarea la tarea el tripulante 1
[INFO] 17:34:15:180 discordiador/(14232:14237): cambio De Estado A Exec:2

[INFO] 17:34:15:180 discordiador/(14232:14237): El tripulante con ID 2 cambió a la cola EXEC porque fue seleccionado para ejecutar
[INFO] 17:34:15:180 discordiador/(14232:14241): fue seleccionado para ejecutar el tripulante 2
[INFO] 17:34:15:180 discordiador/(14232:14241): se esta moviendo a la tarea la tarea el tripulante 2
[INFO] 17:34:16:180 discordiador/(14232:14239): El tripulante con ID 1 se movió a la posición [2,1]
[INFO] 17:34:16:180 discordiador/(14232:14241): El tripulante con ID 2 se movió a la posición [1,0]
[INFO] 17:34:17:180 discordiador/(14232:14239): El tripulante con ID 1 se movió a la posición [2,2]
[INFO] 17:34:17:181 discordiador/(14232:14239): llego a la tarea el tripulante 1
[INFO] 17:34:17:181 discordiador/(14232:14241): El tripulante con ID 2 se movió a la posición [2,0]
[INFO] 17:34:17:181 discordiador/(14232:14239): el tripulante 1 esta realizando una tarea de CPU 
[INFO] 17:34:18:182 discordiador/(14232:14239): se hizo 1 de CPU de un total de 5 del tripulante ID:1 
[INFO] 17:34:18:182 discordiador/(14232:14241): El tripulante con ID 2 se movió a la posición [2,1]
[INFO] 17:34:19:183 discordiador/(14232:14241): El tripulante con ID 2 se movió a la posición [2,2]
[INFO] 17:34:19:183 discordiador/(14232:14239): se hizo 2 de CPU de un total de 5 del tripulante ID:1 
[INFO] 17:34:19:183 discordiador/(14232:14241): llego a la tarea el tripulante 2
[INFO] 17:34:19:184 discordiador/(14232:14241): el tripulante 2 esta realizando una tarea de CPU 
[INFO] 17:34:20:183 discordiador/(14232:14239): se hizo 3 de CPU de un total de 5 del tripulante ID:1 
[INFO] 17:34:20:185 discordiador/(14232:14241): se hizo 1 de CPU de un total de 5 del tripulante ID:2 
[INFO] 17:34:21:184 discordiador/(14232:14239): se hizo 4 de CPU de un total de 5 del tripulante ID:1 
[INFO] 17:34:21:186 discordiador/(14232:14241): se hizo 2 de CPU de un total de 5 del tripulante ID:2 
[INFO] 17:34:22:187 discordiador/(14232:14239): se hizo 5 de CPU de un total de 5 del tripulante ID:1 
[INFO] 17:34:22:188 discordiador/(14232:14239): finalizo la ejecucion de la tarea el tripulante 1
[INFO] 17:34:22:188 discordiador/(14232:14239): acaba de solicitar otra tarea el tripulante 1
[INFO] 17:34:22:188 discordiador/(14232:14239): se le asigno otra tarea al tripulante1
[INFO] 17:34:22:189 discordiador/(14232:14241): se hizo 3 de CPU de un total de 5 del tripulante ID:2 
[INFO] 17:34:23:195 discordiador/(14232:14241): se hizo 4 de CPU de un total de 5 del tripulante ID:2 
[INFO] 17:34:24:200 discordiador/(14232:14241): se hizo 5 de CPU de un total de 5 del tripulante ID:2 
[INFO] 17:34:24:200 discordiador/(14232:14241): finalizo la ejecucion de la tarea el tripulante 2
[INFO] 17:34:24:200 discordiador/(14232:14241): acaba de solicitar otra tarea el tripulante 2
[INFO] 17:34:24:200 discordiador/(14232:14241): se le asigno otra tarea al tripulante2
[INFO] 17:37:05:334 discordiador/(14333:14333): INICIAR_PATOTA 2 /home/utnso/tp-2021-1c-DuroDeAprobar/Tareas/tareasPatota1.txt 1|1
[INFO] 17:37:05:334 discordiador/(14333:14333): 1|1
[INFO] 17:37:05:334 discordiador/(14333:14333): 0|0
[INFO] 17:37:05:335 discordiador/(14333:14340): cambio De Estado A Ready:1

[INFO] 17:37:05:335 discordiador/(14333:14340): el tripulante se queda esperando a ser asignado 1
[INFO] 17:37:05:336 discordiador/(14333:14343): cambio De Estado A Ready:2

[INFO] 17:37:05:336 discordiador/(14333:14343): el tripulante se queda esperando a ser asignado 2
[INFO] 17:37:10:980 discordiador/(14333:14333): INICIAR_PLANIFICACION
[INFO] 17:37:10:981 discordiador/(14333:14338): cambio De Estado A Exec:1

[INFO] 17:37:10:981 discordiador/(14333:14338): El tripulante con ID 1 cambió a la cola EXEC porque fue seleccionado para ejecutar
[INFO] 17:37:10:981 discordiador/(14333:14338): cambio De Estado A Exec:2

[INFO] 17:37:10:981 discordiador/(14333:14338): El tripulante con ID 2 cambió a la cola EXEC porque fue seleccionado para ejecutar
[INFO] 17:37:10:981 discordiador/(14333:14340): fue seleccionado para ejecutar el tripulante 1
[INFO] 17:37:10:981 discordiador/(14333:14340): se esta moviendo a la tarea la tarea el tripulante 1
[INFO] 17:37:10:981 discordiador/(14333:14343): fue seleccionado para ejecutar el tripulante 2
[INFO] 17:37:10:981 discordiador/(14333:14343): se esta moviendo a la tarea la tarea el tripulante 2
[INFO] 17:37:11:981 discordiador/(14333:14343): El tripulante con ID 2 se movió a la posición [1,0]
[INFO] 17:37:11:981 discordiador/(14333:14340): El tripulante con ID 1 se movió a la posición [2,1]
[INFO] 17:37:12:982 discordiador/(14333:14340): El tripulante con ID 1 se movió a la posición [2,2]
[INFO] 17:37:12:982 discordiador/(14333:14343): El tripulante con ID 2 se movió a la posición [2,0]
[INFO] 17:37:12:982 discordiador/(14333:14340): llego a la tarea el tripulante 1
[INFO] 17:37:12:983 discordiador/(14333:14340): el tripulante 1 esta realizando una tarea de CPU 
[INFO] 17:37:13:983 discordiador/(14333:14340): se hizo 1 de CPU de un total de 5 del tripulante ID:1 
[INFO] 17:37:13:983 discordiador/(14333:14343): El tripulante con ID 2 se movió a la posición [2,1]
[INFO] 17:37:14:984 discordiador/(14333:14340): se hizo 2 de CPU de un total de 5 del tripulante ID:1 
[INFO] 17:37:14:985 discordiador/(14333:14343): El tripulante con ID 2 se movió a la posición [2,2]
[INFO] 17:37:14:985 discordiador/(14333:14343): llego a la tarea el tripulante 2
[INFO] 17:37:14:985 discordiador/(14333:14343): el tripulante 2 esta realizando una tarea de CPU 
[INFO] 17:37:15:984 discordiador/(14333:14340): se hizo 3 de CPU de un total de 5 del tripulante ID:1 
[INFO] 17:37:15:985 discordiador/(14333:14343): se hizo 1 de CPU de un total de 5 del tripulante ID:2 
[INFO] 17:37:16:985 discordiador/(14333:14340): se hizo 4 de CPU de un total de 5 del tripulante ID:1 
[INFO] 17:37:16:985 discordiador/(14333:14343): se hizo 2 de CPU de un total de 5 del tripulante ID:2 
[INFO] 17:37:17:985 discordiador/(14333:14340): se hizo 5 de CPU de un total de 5 del tripulante ID:1 
[INFO] 17:37:17:985 discordiador/(14333:14340): finalizo la ejecucion de la tarea el tripulante 1
[INFO] 17:37:17:985 discordiador/(14333:14340): acaba de solicitar otra tarea el tripulante 1
[INFO] 17:37:17:985 discordiador/(14333:14340): se le asigno otra tarea al tripulante1
[INFO] 17:37:17:987 discordiador/(14333:14343): se hizo 3 de CPU de un total de 5 del tripulante ID:2 
[INFO] 17:37:18:991 discordiador/(14333:14343): se hizo 4 de CPU de un total de 5 del tripulante ID:2 
[INFO] 17:37:19:992 discordiador/(14333:14343): se hizo 5 de CPU de un total de 5 del tripulante ID:2 
[INFO] 17:37:19:992 discordiador/(14333:14343): finalizo la ejecucion de la tarea el tripulante 2
[INFO] 17:37:19:992 discordiador/(14333:14343): acaba de solicitar otra tarea el tripulante 2
[INFO] 17:37:19:992 discordiador/(14333:14343): se le asigno otra tarea al tripulante2
[INFO] 17:43:55:671 discordiador/(14529:14529): log_info(logger,"El tripulante con ID 134514092 hizo -1075982136 de IO de un total de -1217054092",tripulante->idTripulante,r,tripulante->tareaAsignada->duracion);
[INFO] 17:44:07:279 discordiador/(14529:14529): INICIAR_PATOTA 2 /home/utnso/tp-2021-1c-DuroDeAprobar/Tareas/tareasPatota1.txt 1|1
[INFO] 17:44:07:279 discordiador/(14529:14529): 1|1
[INFO] 17:44:07:279 discordiador/(14529:14529): 0|0
[INFO] 17:44:07:280 discordiador/(14529:14538): cambio De Estado A Ready:1

[INFO] 17:44:07:281 discordiador/(14529:14540): cambio De Estado A Ready:2

[INFO] 17:44:07:281 discordiador/(14529:14540): el tripulante se queda esperando a ser asignado 2
[INFO] 17:44:07:282 discordiador/(14529:14538): el tripulante se queda esperando a ser asignado 1
[INFO] 17:44:11:974 discordiador/(14529:14529): INICIAR_PLANIFICACION
[INFO] 17:44:11:975 discordiador/(14529:14534): cambio De Estado A Exec:1

[INFO] 17:44:11:975 discordiador/(14529:14534): El tripulante con ID 1 cambió a la cola EXEC porque fue seleccionado para ejecutar
[INFO] 17:44:11:975 discordiador/(14529:14534): cambio De Estado A Exec:2

[INFO] 17:44:11:975 discordiador/(14529:14534): El tripulante con ID 2 cambió a la cola EXEC porque fue seleccionado para ejecutar
[INFO] 17:44:11:975 discordiador/(14529:14538): fue seleccionado para ejecutar el tripulante 1
[INFO] 17:44:11:975 discordiador/(14529:14538): se esta moviendo a la tarea la tarea el tripulante 1
[INFO] 17:44:11:975 discordiador/(14529:14540): fue seleccionado para ejecutar el tripulante 2
[INFO] 17:44:11:975 discordiador/(14529:14540): se esta moviendo a la tarea la tarea el tripulante 2
[INFO] 17:44:12:984 discordiador/(14529:14538): El tripulante con ID 1 se movió a la posición [2,1]
[INFO] 17:44:12:984 discordiador/(14529:14540): El tripulante con ID 2 se movió a la posición [1,0]
[INFO] 17:44:13:985 discordiador/(14529:14540): El tripulante con ID 2 se movió a la posición [2,0]
[INFO] 17:44:13:985 discordiador/(14529:14538): El tripulante con ID 1 se movió a la posición [2,2]
[INFO] 17:44:13:985 discordiador/(14529:14538): llego a la tarea el tripulante 1
[INFO] 17:44:13:985 discordiador/(14529:14538): el tripulante 1 esta realizando una tarea de CPU 
[INFO] 17:44:14:986 discordiador/(14529:14538): El tripulante con ID 1 hizo 1 de CPU de un total de 5
[INFO] 17:44:14:987 discordiador/(14529:14540): El tripulante con ID 2 se movió a la posición [2,1]
[INFO] 17:44:15:988 discordiador/(14529:14540): El tripulante con ID 2 se movió a la posición [2,2]
[INFO] 17:44:15:988 discordiador/(14529:14538): El tripulante con ID 1 hizo 2 de CPU de un total de 5
[INFO] 17:44:15:989 discordiador/(14529:14540): llego a la tarea el tripulante 2
[INFO] 17:44:15:989 discordiador/(14529:14540): el tripulante 2 esta realizando una tarea de CPU 
[INFO] 17:44:16:991 discordiador/(14529:14538): El tripulante con ID 1 hizo 3 de CPU de un total de 5
[INFO] 17:44:16:992 discordiador/(14529:14540): El tripulante con ID 2 hizo 1 de CPU de un total de 5
[INFO] 17:44:17:996 discordiador/(14529:14540): El tripulante con ID 2 hizo 2 de CPU de un total de 5
[INFO] 17:44:17:997 discordiador/(14529:14538): El tripulante con ID 1 hizo 4 de CPU de un total de 5
[INFO] 17:44:18:997 discordiador/(14529:14540): El tripulante con ID 2 hizo 3 de CPU de un total de 5
[INFO] 17:44:18:998 discordiador/(14529:14538): El tripulante con ID 1 hizo 5 de CPU de un total de 5
[INFO] 17:44:18:998 discordiador/(14529:14538): finalizo la ejecucion de la tarea el tripulante 1
[INFO] 17:44:18:998 discordiador/(14529:14538): acaba de solicitar otra tarea el tripulante 1
[INFO] 17:44:18:998 discordiador/(14529:14538): se le asigno otra tarea al tripulante1
[INFO] 17:44:19:998 discordiador/(14529:14540): El tripulante con ID 2 hizo 4 de CPU de un total de 5
[INFO] 17:44:20:999 discordiador/(14529:14540): El tripulante con ID 2 hizo 5 de CPU de un total de 5
[INFO] 17:44:20:999 discordiador/(14529:14540): finalizo la ejecucion de la tarea el tripulante 2
[INFO] 17:44:20:999 discordiador/(14529:14540): acaba de solicitar otra tarea el tripulante 2
[INFO] 17:44:20:999 discordiador/(14529:14540): se le asigno otra tarea al tripulante2
[INFO] 22:06:21:424 discordiador/(6913:6913): INICIAR_PATOTA 1 /home/utnso/tp-2021-1c-DuroDeAprobar/Tareas/tareasPatota1.txt
[INFO] 22:06:21:427 discordiador/(6913:6913): 0|0
[INFO] 22:06:21:428 discordiador/(6913:6933): cambio De Estado A Ready:1

[INFO] 22:06:21:428 discordiador/(6913:6933): el tripulante se queda esperando a ser asignado 1
[INFO] 22:06:41:302 discordiador/(6913:6913): INICIAR_PLANIFICACION
[INFO] 22:08:11:590 discordiador/(7016:7016): INICIAR_PATOTA 1 /home/utnso/tp-2021-1c-DuroDeAprobar/Tareas/tareasPatota1.txt
[INFO] 22:08:11:590 discordiador/(7016:7016): 0|0
[INFO] 22:09:17:317 discordiador/(7064:7064): INICIAR_PATOTA 1 /home/utnso/tp-2021-1c-DuroDeAprobar/Tareas/tareasPatota1.txt
[INFO] 22:10:50:483 discordiador/(7064:7064): 0|0
[INFO] 22:20:07:467 discordiador/(7505:7505): INICIAR_PATOTA 1 /home/utnso/tp-2021-1c-DuroDeAprobar/Tareas/tareasPatota1.txt
[INFO] 22:20:07:468 discordiador/(7505:7505): 0|0
[INFO] 22:20:07:468 discordiador/(7505:7515): cambio De Estado A Ready:1

[INFO] 22:20:07:468 discordiador/(7505:7515): el tripulante se queda esperando a ser asignado 1
[INFO] 22:22:32:642 discordiador/(7505:7505): INICIAR_PLANIFICACION
[INFO] 22:22:32:643 discordiador/(7505:7511): cambio De Estado A Exec:1

[INFO] 22:22:32:643 discordiador/(7505:7511): El tripulante con ID 1 cambió a la cola EXEC porque fue seleccionado para ejecutar
[INFO] 22:22:32:643 discordiador/(7505:7515): fue seleccionado para ejecutar el tripulante 1
[INFO] 22:22:32:643 discordiador/(7505:7515): se esta moviendo a la tarea la tarea el tripulante 1
[INFO] 22:22:33:643 discordiador/(7505:7515): El tripulante con ID 1 se movió a la posición [1,0]
[INFO] 22:22:34:645 discordiador/(7505:7515): El tripulante con ID 1 se movió a la posición [2,0]
[INFO] 22:22:35:648 discordiador/(7505:7515): El tripulante con ID 1 se movió a la posición [2,1]
[INFO] 22:22:35:648 discordiador/(7505:7515): no termino la tarea y se quedo sin quantum el tripulante con ID: 1

[INFO] 22:22:35:648 discordiador/(7505:7515): cambio De Estado A Ready:1

[INFO] 22:22:35:648 discordiador/(7505:7515): el tripulante se queda esperando a ser asignado 1
[INFO] 22:22:35:648 discordiador/(7505:7511): cambio De Estado A Exec:1

[INFO] 22:22:35:648 discordiador/(7505:7511): El tripulante con ID 1 cambió a la cola EXEC porque fue seleccionado para ejecutar
[INFO] 22:22:35:649 discordiador/(7505:7515): fue seleccionado para ejecutar el tripulante 1
[INFO] 22:22:35:649 discordiador/(7505:7515): se esta moviendo a la tarea la tarea el tripulante 1
[INFO] 22:22:36:649 discordiador/(7505:7515): El tripulante con ID 1 se movió a la posición [2,2]
[INFO] 22:22:36:649 discordiador/(7505:7515): va a ejecutar la tarea el tripulante 1
[INFO] 22:22:36:649 discordiador/(7505:7515): el tripulante 1 esta realizando una tarea de CPU 
[INFO] 22:22:37:650 discordiador/(7505:7515): El tripulante con ID 1 hizo 1 de CPU de un total de 5
[INFO] 22:22:38:650 discordiador/(7505:7515): El tripulante con ID 1 hizo 2 de CPU de un total de 5
[INFO] 22:22:38:650 discordiador/(7505:7515): no termino la tarea y se quedo sin quantum el tripulante con ID: 1

[INFO] 22:22:38:650 discordiador/(7505:7515): cambio De Estado A Ready:1

[INFO] 22:22:38:650 discordiador/(7505:7515): el tripulante se queda esperando a ser asignado 1
[INFO] 22:22:38:650 discordiador/(7505:7511): cambio De Estado A Exec:1

[INFO] 22:22:38:650 discordiador/(7505:7511): El tripulante con ID 1 cambió a la cola EXEC porque fue seleccionado para ejecutar
[INFO] 22:22:38:650 discordiador/(7505:7515): fue seleccionado para ejecutar el tripulante 1
[INFO] 22:22:38:650 discordiador/(7505:7515): va a ejecutar la tarea el tripulante 1
[INFO] 22:22:38:650 discordiador/(7505:7515): el tripulante 1 esta realizando una tarea de CPU 
[INFO] 22:22:39:651 discordiador/(7505:7515): El tripulante con ID 1 hizo 3 de CPU de un total de 5
[INFO] 22:22:40:652 discordiador/(7505:7515): El tripulante con ID 1 hizo 4 de CPU de un total de 5
[INFO] 22:22:41:652 discordiador/(7505:7515): El tripulante con ID 1 hizo 5 de CPU de un total de 5
[INFO] 22:22:41:653 discordiador/(7505:7515): termino la tarea y se quedo sin quantum el tripulante con ID: 1

[INFO] 22:22:41:653 discordiador/(7505:7515): se le asigno otra tarea al tripulante1
[INFO] 22:22:41:653 discordiador/(7505:7515): cambio De Estado A Ready:1

[INFO] 22:22:41:653 discordiador/(7505:7515): el tripulante se queda esperando a ser asignado 1
[INFO] 22:22:41:653 discordiador/(7505:7511): cambio De Estado A Exec:1

[INFO] 22:22:41:653 discordiador/(7505:7511): El tripulante con ID 1 cambió a la cola EXEC porque fue seleccionado para ejecutar
[INFO] 22:22:41:653 discordiador/(7505:7515): fue seleccionado para ejecutar el tripulante 1
[INFO] 22:22:41:653 discordiador/(7505:7515): se esta moviendo a la tarea la tarea el tripulante 1
[INFO] 22:22:42:654 discordiador/(7505:7515): El tripulante con ID 1 se movió a la posición [3,2]
[INFO] 22:22:43:654 discordiador/(7505:7515): El tripulante con ID 1 se movió a la posición [3,3]
[INFO] 22:22:44:655 discordiador/(7505:7515): El tripulante con ID 1 se movió a la posición [3,4]
[INFO] 22:22:44:655 discordiador/(7505:7515): no termino la tarea y se quedo sin quantum el tripulante con ID: 1

[INFO] 22:22:44:655 discordiador/(7505:7515): cambio De Estado A Ready:1

[INFO] 22:22:44:655 discordiador/(7505:7515): el tripulante se queda esperando a ser asignado 1
[INFO] 22:22:44:655 discordiador/(7505:7511): cambio De Estado A Exec:1

[INFO] 22:22:44:656 discordiador/(7505:7511): El tripulante con ID 1 cambió a la cola EXEC porque fue seleccionado para ejecutar
[INFO] 22:22:44:656 discordiador/(7505:7515): fue seleccionado para ejecutar el tripulante 1
[INFO] 22:22:44:656 discordiador/(7505:7515): va a ejecutar la tarea el tripulante 1
[INFO] 22:22:44:656 discordiador/(7505:7515): se realiza un ciclo de CPU para enviar tarea del tripulante 1
[INFO] 22:22:45:656 discordiador/(7505:7515): el mensaje a imongo ha sido enviado exitosamentedel tripulante 1
[INFO] 22:22:45:656 discordiador/(7505:7515): cambio De Estado A Bloqueado:1

[INFO] 22:22:45:656 discordiador/(7505:7515): El tripulante con ID 1 cambió a la cola BLOCKED porque ES UNA TAREA DE IO
[INFO] 22:22:46:657 discordiador/(7505:7512): El tripulante con ID 1 hizo 1 de IO de un total de 2
[INFO] 22:22:47:657 discordiador/(7505:7512): El tripulante con ID 1 hizo 2 de IO de un total de 2
[INFO] 22:22:47:657 discordiador/(7505:7515): el tripulante se queda esperando a ser asignado 1
[INFO] 23:23:00:321 discordiador/(9174:9174): INICIAR_PATOTA 1 /home/utnso/tp-2021-1c-DuroDeAprobar/Tareas/tareasPatota1.txt
[INFO] 23:23:00:325 discordiador/(9174:9174): 0|0
[INFO] 23:23:00:326 discordiador/(9174:9174): mensaje a RAM exitoso, creando patotas con tripulantes
[INFO] 23:23:00:326 discordiador/(9174:9183): cambio De Estado A Ready:1

[INFO] 23:23:00:326 discordiador/(9174:9183): el tripulante se queda esperando a ser asignado 1
[INFO] 13:41:01:857 discordiador/(4564:4564): INICIAR_PATOTA 1 /home/utnso/tp-2021-1c-DuroDeAprobar/Tareas/tareasPatota1.txt 1|1
[INFO] 13:41:20:305 discordiador/(4564:4564): 1|1
[INFO] 13:41:33:160 discordiador/(4564:4564): mensaje a RAM exitoso, creando patotas con tripulantes
[INFO] 13:41:38:982 discordiador/(4564:4697): cambio De Estado A Ready:1

[INFO] 13:49:06:890 discordiador/(4894:4894): INICIAR_PATOTA 1 /home/utnso/tp-2021-1c-DuroDeAprobar/Tareas/tareasPatota1.txt 1|1
[INFO] 13:49:06:893 discordiador/(4894:4894): 1|1
[INFO] 13:49:06:894 discordiador/(4894:4894): mensaje a RAM exitoso, creando patotas con tripulantes
[INFO] 13:49:06:896 discordiador/(4894:4903): cambio De Estado A Ready:1

[INFO] 13:50:09:525 discordiador/(4948:4948): INICIAR_PATOTA 1 /home/utnso/tp-2021-1c-DuroDeAprobar/Tareas/tareasPatota1.txt 1|1
[INFO] 13:50:09:525 discordiador/(4948:4948): 1|1
[INFO] 13:50:09:527 discordiador/(4948:4948): mensaje a RAM exitoso, creando patotas con tripulantes
[INFO] 13:50:18:538 discordiador/(4948:4982): cambio De Estado A Ready:1

[INFO] 14:09:14:217 discordiador/(5195:5195): INICIAR_PATOTA 1 /home/utnso/tp-2021-1c-DuroDeAprobar/Tareas/tareasPatota1.txt
[INFO] 14:09:14:222 discordiador/(5195:5195): 0|0
[INFO] 14:09:14:222 discordiador/(5195:5195): mensaje a RAM exitoso, creando patotas con tripulantes
[INFO] 14:09:21:598 discordiador/(5195:5211): cambio De Estado A Ready:1

[INFO] 14:20:06:476 discordiador/(5441:5441): INICIAR_PATOTA 1 /home/utnso/tp-2021-1c-DuroDeAprobar/Tareas/tareasPatota1.txt 1|1
[INFO] 14:20:06:482 discordiador/(5441:5441): 1|1
[INFO] 14:20:06:482 discordiador/(5441:5441): mensaje a RAM exitoso, creando patotas con tripulantes
[INFO] 14:20:06:485 discordiador/(5441:5450): cambio De Estado A Ready:1

