[ERROR] 23:45:26:99 MI-RAM-HQ/(6331:6331): Fallo en el mapeo de archivo SWAP
[ERROR] 23:46:22:966 MI-RAM-HQ/(6391:6391): Fallo en el mapeo de archivo SWAP
[ERROR] 23:47:46:135 MI-RAM-HQ/(6495:6495): Fallo en el mapeo de archivo SWAP
[ERROR] 23:48:53:578 MI-RAM-HQ/(6561:6561): Fallo en el mapeo de archivo SWAP
[ERROR] 23:51:30:162 MI-RAM-HQ/(6703:6703): No se pudo abrir el archivo
[ERROR] 23:53:45:437 MI-RAM-HQ/(6818:6818): No se pudo abrir el archivo
[ERROR] 23:54:36:622 MI-RAM-HQ/(6864:6864): No se pudo abrir el archivo
[ERROR] 23:54:55:848 MI-RAM-HQ/(9008:9008): No se pudo abrir el archivo
[INFO] 20:35:26:200 MI-RAM-HQ/(8337:8337): MIRAMHQ PID: 8337 
[INFO] 20:42:45:249 MI-RAM-HQ/(8572:8572): MIRAMHQ PID: 8572 
[INFO] 20:44:28:541 MI-RAM-HQ/(8650:8650): MIRAMHQ PID: 8650 
[INFO] 20:48:17:749 MI-RAM-HQ/(8732:8732): MIRAMHQ PID: 8732 
[INFO] 20:51:42:886 MI-RAM-HQ/(8811:8811): MIRAMHQ PID: 8811 
[INFO] 20:51:49:746 MI-RAM-HQ/(8811:8811): sadafsf
[INFO] 20:57:03:798 MI-RAM-HQ/(8993:8993): MIRAMHQ PID: 8993 
[INFO] 20:57:10:1 MI-RAM-HQ/(8993:8993): 1624665430
[INFO] 20:59:43:256 MI-RAM-HQ/(9143:9143): MIRAMHQ PID: 9143 
[INFO] 20:59:54:535 MI-RAM-HQ/(9143:9143): 134560000
[INFO] 21:00:15:432 MI-RAM-HQ/(9172:9172): MIRAMHQ PID: 9172 
[INFO] 21:00:23:796 MI-RAM-HQ/(9172:9172): 153618688
[INFO] 21:00:37:420 MI-RAM-HQ/(9172:9172): 153618664
[INFO] 21:00:45:244 MI-RAM-HQ/(9214:9214): MIRAMHQ PID: 9214 
[INFO] 21:00:48:533 MI-RAM-HQ/(9214:9214): 21:00:48:533
[INFO] 21:04:02:457 MI-RAM-HQ/(9360:9360): MIRAMHQ PID: 9360 
[INFO] 21:04:07:587 MI-RAM-HQ/(9360:9360): now: 2021-06-25 21:04:07

[INFO] 21:05:11:511 MI-RAM-HQ/(9423:9423): MIRAMHQ PID: 9423 
[INFO] 21:05:16:898 MI-RAM-HQ/(9423:9423): 25/06/2021 21:05:16

[INFO] 21:14:28:260 MI-RAM-HQ/(9775:9775): MIRAMHQ PID: 9775 
[INFO] 21:15:22:797 MI-RAM-HQ/(9913:9913): MIRAMHQ PID: 9913 
[INFO] 21:17:32:42 MI-RAM-HQ/(10004:10004): MIRAMHQ PID: 10004 
[INFO] 21:19:30:542 MI-RAM-HQ/(10122:10122): MIRAMHQ PID: 10122 
[INFO] 21:20:18:639 MI-RAM-HQ/(10261:10261): MIRAMHQ PID: 10261 
[INFO] 21:22:31:178 MI-RAM-HQ/(10446:10446): MIRAMHQ PID: 10446 
[INFO] 21:26:40:835 MI-RAM-HQ/(10722:10722): MIRAMHQ PID: 10722 
[INFO] 21:26:41:86 MI-RAM-HQ/(10729:10729): MIRAMHQ PID: 10729 
[INFO] 21:28:00:696 MI-RAM-HQ/(10820:10820): MIRAMHQ PID: 10820 
[INFO] 21:28:05:563 MI-RAM-HQ/(10820:10820): /home/utnso/tp-2021-1c-DuroDeAprobar/mi_Ram_Hq/Dump_25/06/2021 21:28:05
.dmp
[INFO] 21:29:22:138 MI-RAM-HQ/(10883:10883): MIRAMHQ PID: 10883 
[INFO] 21:29:27:794 MI-RAM-HQ/(10883:10883): /home/utnso/tp-2021-1c-DuroDeAprobar/mi_Ram_Hq/Dump_21:29:27:794.dmp
[INFO] 21:30:20:338 MI-RAM-HQ/(10941:10941): MIRAMHQ PID: 10941 
[INFO] 21:30:26:985 MI-RAM-HQ/(10941:10941): Dump: 25/06/2021 21:30:26


[INFO] 21:31:14:542 MI-RAM-HQ/(10992:10992): MIRAMHQ PID: 10992 
[INFO] 22:05:21:6 MI-RAM-HQ/(12352:12352): MIRAMHQ PID: 12352 
[INFO] 22:06:03:246 MI-RAM-HQ/(12392:12392): MIRAMHQ PID: 12392 
[INFO] 22:07:49:427 MI-RAM-HQ/(12494:12494): MIRAMHQ PID: 12494 
[INFO] 22:11:56:919 MI-RAM-HQ/(12616:12616): MIRAMHQ PID: 12616 
[INFO] 22:12:56:226 MI-RAM-HQ/(12667:12667): MIRAMHQ PID: 12667 
[INFO] 22:13:59:854 MI-RAM-HQ/(12723:12723): MIRAMHQ PID: 12723 
[INFO] 22:14:46:616 MI-RAM-HQ/(12768:12768): MIRAMHQ PID: 12768 
[INFO] 22:15:21:245 MI-RAM-HQ/(12824:12824): MIRAMHQ PID: 12824 
[INFO] 22:16:14:707 MI-RAM-HQ/(12872:12872): MIRAMHQ PID: 12872 
[INFO] 22:16:41:912 MI-RAM-HQ/(12918:12918): MIRAMHQ PID: 12918 
[INFO] 22:17:11:357 MI-RAM-HQ/(12967:12967): MIRAMHQ PID: 12967 
